TN:
SF:src/api/client.ts
FN:10,getSnapshot
FN:14,subscribe
FN:16,(anonymous_2)
FN:19,notify
FN:20,(anonymous_4)
FN:27,setWebappToken
FN:37,getWebappToken
FN:42,getWebappTokenExpiresAt
FN:46,useWebappToken
FN:52,(anonymous_9)
FN:53,(anonymous_10)
FNF:11
FNH:10
FNDA:13,getSnapshot
FNDA:3,subscribe
FNDA:3,(anonymous_2)
FNDA:4,notify
FNDA:1,(anonymous_4)
FNDA:5,setWebappToken
FNDA:4,getWebappToken
FNDA:2,getWebappTokenExpiresAt
FNDA:4,useWebappToken
FNDA:0,(anonymous_9)
FNDA:1,(anonymous_10)
DA:5,6
DA:7,6
DA:8,6
DA:11,13
DA:15,3
DA:16,3
DA:20,4
DA:28,5
DA:29,4
DA:30,4
DA:34,5
DA:38,4
DA:43,2
DA:47,4
DA:50,6
DA:52,0
DA:54,1
DA:55,1
DA:56,1
LF:19
LH:18
BRDA:28,0,0,1
BRDA:28,0,1,4
BRDA:28,1,0,5
BRDA:28,1,1,1
BRDA:31,2,0,2
BRDA:31,2,1,2
BRDA:31,3,0,4
BRDA:31,3,1,2
BRDA:31,3,2,2
BRDA:55,4,0,1
BRDA:55,4,1,0
BRF:11
BRH:10
end_of_record
TN:
SF:src/api/endpoints/auth.ts
FN:5,postAuth
FNF:1
FNH:1
FNDA:1,postAuth
DA:6,1
LF:1
LH:1
BRF:0
BRH:0
end_of_record
TN:
SF:src/api/endpoints/me.ts
FN:4,getMe
FNF:1
FNH:1
FNDA:5,getMe
DA:5,5
LF:1
LH:1
BRF:0
BRH:0
end_of_record
TN:
SF:src/api/endpoints/plans.ts
FN:22,getPlans
FNF:1
FNH:1
FNDA:1,getPlans
DA:23,1
LF:1
LH:1
BRF:0
BRH:0
end_of_record
TN:
SF:src/bootstrap/authBootstrap.ts
FN:16,authenticateWebApp
FN:19,(anonymous_1)
FN:27,resetAuthForTest
FNF:3
FNH:3
FNDA:6,authenticateWebApp
FNDA:5,(anonymous_1)
FNDA:10,resetAuthForTest
DA:9,2
DA:17,6
DA:18,5
DA:20,5
DA:23,6
DA:28,10
LF:6
LH:6
BRDA:17,0,0,5
BRDA:17,0,1,1
BRF:2
BRH:2
end_of_record
TN:
SF:src/bootstrap/referralCapture.ts
FN:16,normalizeReferralCode
FN:21,isValidCode
FN:79,getEarlyCapturedRef
FN:83,getEarlyCapturedSource
FN:87,persistPendingRef
FN:100,clearPendingRef
FN:111,getPendingRefFromStorage
FNF:7
FNH:6
FNDA:21,normalizeReferralCode
FNDA:7,isValidCode
FNDA:4,getEarlyCapturedRef
FNDA:0,getEarlyCapturedSource
FNDA:3,persistPendingRef
FNDA:4,clearPendingRef
FNDA:8,getPendingRefFromStorage
DA:9,2
DA:10,2
DA:11,2
DA:12,2
DA:17,21
DA:18,21
DA:22,7
DA:26,2
DA:27,2
DA:29,2
DA:30,2
DA:31,2
DA:32,0
DA:33,0
DA:34,0
DA:35,0
DA:36,0
DA:37,0
DA:38,0
DA:43,2
DA:45,2
DA:48,2
DA:49,2
DA:50,2
DA:52,2
DA:53,0
DA:64,2
DA:65,0
DA:66,0
DA:67,0
DA:68,0
DA:69,0
DA:70,0
DA:71,0
DA:80,4
DA:84,0
DA:88,3
DA:89,3
DA:90,3
DA:91,3
DA:92,3
DA:93,3
DA:94,3
DA:101,4
DA:102,4
DA:103,4
DA:104,4
DA:105,4
DA:112,8
DA:113,8
DA:114,8
DA:115,8
DA:116,8
DA:117,7
DA:122,1
LF:55
LH:39
BRDA:18,0,0,3
BRDA:18,0,1,18
BRDA:29,1,0,2
BRDA:29,1,1,0
BRDA:31,2,0,0
BRDA:31,2,1,2
BRDA:31,3,0,2
BRDA:31,3,1,0
BRDA:45,4,0,0
BRDA:45,4,1,2
BRDA:48,5,0,2
BRDA:48,5,1,0
BRDA:51,6,0,2
BRDA:51,6,1,2
BRDA:52,7,0,0
BRDA:52,7,1,2
BRDA:52,8,0,2
BRDA:52,8,1,2
BRDA:54,9,0,0
BRDA:54,9,1,0
BRDA:55,10,0,0
BRDA:55,10,1,0
BRDA:64,11,0,0
BRDA:64,11,1,2
BRDA:64,12,0,2
BRDA:64,12,1,0
BRDA:88,13,0,0
BRDA:88,13,1,3
BRDA:90,14,0,0
BRDA:90,14,1,3
BRDA:101,15,0,0
BRDA:101,15,1,4
BRDA:112,16,0,0
BRDA:112,16,1,8
BRDA:115,17,0,8
BRDA:115,17,1,2
BRDA:116,18,0,7
BRDA:116,18,1,1
BRDA:116,19,0,8
BRDA:116,19,1,7
BRF:40
BRH:24
end_of_record
TN:
SF:src/hooks/useOnlineStatus.ts
FN:4,useOnlineStatus
FN:9,(anonymous_1)
FN:11,(anonymous_2)
FN:12,(anonymous_3)
FN:15,(anonymous_4)
FNF:5
FNH:3
FNDA:2,useOnlineStatus
FNDA:2,(anonymous_1)
FNDA:0,(anonymous_2)
FNDA:0,(anonymous_3)
FNDA:2,(anonymous_4)
DA:5,2
DA:9,2
DA:10,2
DA:11,2
DA:12,2
DA:13,2
DA:14,2
DA:15,2
DA:16,2
DA:17,2
DA:21,2
LF:11
LH:11
BRDA:6,0,0,2
BRDA:6,0,1,0
BRDA:10,1,0,0
BRDA:10,1,1,2
BRF:4
BRH:2
end_of_record
TN:
SF:src/hooks/useSession.ts
FN:6,useSession
FNF:1
FNH:1
FNDA:782,useSession
DA:7,782
LF:1
LH:1
BRF:0
BRH:0
end_of_record
TN:
SF:src/hooks/useTelegramHaptics.ts
FN:3,useTelegramHaptics
FNF:1
FNH:1
FNDA:2,useTelegramHaptics
DA:4,2
DA:6,2
LF:2
LH:2
BRF:0
BRH:0
end_of_record
TN:
SF:src/hooks/useTelemetry.ts
FN:54,useTelemetry
FN:56,(anonymous_1)
FNF:2
FNH:2
FNDA:3,useTelemetry
FNDA:3,(anonymous_1)
DA:10,1
DA:55,3
DA:60,3
DA:61,3
DA:66,3
DA:67,3
DA:72,3
LF:7
LH:7
BRDA:60,0,0,3
BRDA:60,0,1,1
BRDA:63,1,0,3
BRDA:63,1,1,1
BRDA:66,2,0,3
BRDA:66,2,1,0
BRF:6
BRH:5
end_of_record
TN:
SF:src/hooks/useTrackScreen.ts
FN:4,useTrackScreen
FN:7,(anonymous_1)
FNF:2
FNH:2
FNDA:12,useTrackScreen
FNDA:12,(anonymous_1)
DA:5,12
DA:7,12
DA:8,12
LF:3
LH:3
BRF:0
BRH:0
end_of_record
TN:
SF:src/lib/api-client/create-client.ts
FN:47,parseResponse
FN:101,parse401Message
FN:112,runRequestLog
FN:125,createApiClient
FN:130,request
FN:153,(anonymous_5)
FN:157,(anonymous_6)
FN:171,(anonymous_7)
FN:204,(anonymous_8)
FN:234,requestUnauthenticated
FN:253,(anonymous_10)
FN:256,(anonymous_11)
FN:270,(anonymous_12)
FN:303,(anonymous_13)
FN:333,getBlob
FN:343,(anonymous_15)
FN:346,(anonymous_16)
FN:374,(anonymous_17)
FN:397,(anonymous_18)
FN:400,(anonymous_19)
FN:403,(anonymous_20)
FN:406,(anonymous_21)
FN:411,(anonymous_22)
FN:416,(anonymous_23)
FN:421,(anonymous_24)
FNF:25
FNH:16
FNDA:6,parseResponse
FNDA:3,parse401Message
FNDA:9,runRequestLog
FNDA:13,createApiClient
FNDA:10,request
FNDA:0,(anonymous_5)
FNDA:0,(anonymous_6)
FNDA:2,(anonymous_7)
FNDA:1,(anonymous_8)
FNDA:2,requestUnauthenticated
FNDA:0,(anonymous_10)
FNDA:0,(anonymous_11)
FNDA:0,(anonymous_12)
FNDA:0,(anonymous_13)
FNDA:4,getBlob
FNDA:0,(anonymous_15)
FNDA:0,(anonymous_16)
FNDA:1,(anonymous_17)
FNDA:0,(anonymous_18)
FNDA:4,(anonymous_19)
FNDA:3,(anonymous_20)
FNDA:1,(anonymous_21)
FNDA:1,(anonymous_22)
FNDA:1,(anonymous_23)
FNDA:2,(anonymous_24)
DA:3,6
DA:4,6
DA:5,6
DA:6,6
DA:48,6
DA:49,6
DA:50,6
DA:52,6
DA:53,6
DA:55,1
DA:64,5
DA:65,0
DA:66,0
DA:67,0
DA:68,0
DA:69,0
DA:70,0
DA:72,0
DA:85,0
DA:88,0
DA:97,5
DA:102,3
DA:103,3
DA:104,3
DA:105,3
DA:109,0
DA:116,9
DA:117,0
DA:118,0
DA:126,13
DA:127,13
DA:128,13
DA:135,10
DA:136,10
DA:137,10
DA:138,10
DA:139,10
DA:140,10
DA:141,3
DA:143,10
DA:144,10
DA:145,1
DA:149,10
DA:151,10
DA:152,10
DA:153,10
DA:154,10
DA:156,0
DA:157,0
DA:159,10
DA:163,10
DA:164,10
DA:166,3
DA:167,3
DA:168,3
DA:169,3
DA:170,3
DA:171,2
DA:172,2
DA:174,1
DA:175,3
DA:176,3
DA:182,0
DA:183,0
DA:185,10
DA:188,7
DA:189,1
DA:190,1
DA:199,1
DA:200,1
DA:203,6
DA:204,1
DA:205,1
DA:208,5
DA:209,5
DA:210,4
DA:218,10
DA:220,1
DA:221,1
DA:222,1
DA:223,1
DA:224,1
DA:225,1
DA:227,0
DA:229,1
DA:230,1
DA:239,2
DA:240,2
DA:241,2
DA:242,2
DA:243,2
DA:244,2
DA:245,2
DA:249,2
DA:251,2
DA:252,2
DA:253,2
DA:254,2
DA:255,0
DA:256,0
DA:258,2
DA:262,2
DA:263,2
DA:265,0
DA:266,0
DA:267,0
DA:268,0
DA:269,0
DA:270,0
DA:271,0
DA:273,0
DA:274,0
DA:275,0
DA:281,0
DA:282,0
DA:284,2
DA:288,2
DA:289,1
DA:298,1
DA:299,1
DA:302,1
DA:303,0
DA:304,0
DA:307,1
DA:308,1
DA:309,1
DA:317,2
DA:319,0
DA:320,0
DA:321,0
DA:322,0
DA:323,0
DA:324,0
DA:326,0
DA:328,0
DA:329,0
DA:334,4
DA:335,4
DA:336,4
DA:337,4
DA:339,4
DA:341,4
DA:342,4
DA:343,4
DA:344,4
DA:345,0
DA:346,0
DA:348,4
DA:352,4
DA:353,4
DA:355,0
DA:356,0
DA:357,0
DA:359,0
DA:360,0
DA:362,0
DA:364,4
DA:367,4
DA:368,1
DA:369,1
DA:370,1
DA:373,3
DA:374,1
DA:375,1
DA:378,2
DA:379,1
DA:381,1
DA:382,1
DA:384,0
DA:386,1
DA:387,1
DA:393,1
DA:396,13
DA:398,0
DA:401,4
DA:404,3
DA:407,1
DA:408,1
DA:409,1
DA:412,1
DA:413,1
DA:414,1
DA:417,1
DA:418,1
DA:419,1
DA:422,2
DA:423,2
DA:424,2
LF:188
LH:136
BRDA:48,0,0,6
BRDA:48,0,1,6
BRDA:49,1,0,6
BRDA:49,1,1,6
BRDA:53,2,0,6
BRDA:53,2,1,0
BRDA:57,3,0,1
BRDA:57,3,1,0
BRDA:59,4,0,0
BRDA:59,4,1,1
BRDA:64,5,0,0
BRDA:64,5,1,5
BRDA:65,6,0,0
BRDA:65,6,1,0
BRDA:67,7,0,0
BRDA:67,7,1,0
BRDA:68,8,0,0
BRDA:68,8,1,0
BRDA:69,9,0,0
BRDA:69,9,1,0
BRDA:69,10,0,0
BRDA:69,10,1,0
BRDA:77,11,0,0
BRDA:77,11,1,0
BRDA:78,12,0,0
BRDA:78,12,1,0
BRDA:85,13,0,0
BRDA:85,13,1,0
BRDA:85,13,2,0
BRDA:92,14,0,0
BRDA:92,14,1,0
BRDA:104,15,0,3
BRDA:104,15,1,0
BRDA:105,16,0,3
BRDA:105,16,1,0
BRDA:116,17,0,0
BRDA:116,17,1,9
BRDA:128,18,0,13
BRDA:128,18,1,13
BRDA:132,19,0,10
BRDA:133,20,0,10
BRDA:136,21,0,0
BRDA:136,21,1,10
BRDA:136,22,0,10
BRDA:136,22,1,0
BRDA:137,23,0,10
BRDA:137,23,1,0
BRDA:140,24,0,3
BRDA:140,24,1,7
BRDA:140,25,0,10
BRDA:140,25,1,3
BRDA:143,26,0,10
BRDA:143,26,1,9
BRDA:144,27,0,1
BRDA:144,27,1,9
BRDA:149,28,0,10
BRDA:149,28,1,10
BRDA:151,29,0,10
BRDA:151,29,1,0
BRDA:154,30,0,0
BRDA:154,30,1,10
BRDA:156,31,0,0
BRDA:156,31,1,0
BRDA:166,32,0,3
BRDA:166,32,1,0
BRDA:167,33,0,3
BRDA:167,33,1,0
BRDA:167,33,2,0
BRDA:169,34,0,3
BRDA:169,34,1,0
BRDA:169,35,0,3
BRDA:169,35,1,3
BRDA:170,36,0,2
BRDA:170,36,1,1
BRDA:174,37,0,0
BRDA:174,37,1,1
BRDA:178,38,0,0
BRDA:178,38,1,1
BRDA:178,39,0,1
BRDA:178,39,1,0
BRDA:185,40,0,10
BRDA:185,40,1,0
BRDA:188,41,0,1
BRDA:188,41,1,6
BRDA:188,42,0,7
BRDA:188,42,1,1
BRDA:195,43,0,1
BRDA:195,43,1,1
BRDA:196,44,0,1
BRDA:196,44,1,1
BRDA:203,45,0,1
BRDA:203,45,1,5
BRDA:203,46,0,6
BRDA:203,46,1,1
BRDA:203,46,2,1
BRDA:203,46,3,1
BRDA:215,47,0,4
BRDA:215,47,1,4
BRDA:216,48,0,10
BRDA:216,48,1,4
BRDA:221,49,0,1
BRDA:221,49,1,0
BRDA:236,50,0,2
BRDA:237,51,0,2
BRDA:240,52,0,0
BRDA:240,52,1,2
BRDA:240,53,0,2
BRDA:240,53,1,0
BRDA:241,54,0,2
BRDA:241,54,1,0
BRDA:244,55,0,2
BRDA:244,55,1,0
BRDA:244,56,0,2
BRDA:244,56,1,2
BRDA:249,57,0,2
BRDA:249,57,1,2
BRDA:251,58,0,2
BRDA:251,58,1,0
BRDA:254,59,0,0
BRDA:254,59,1,2
BRDA:255,60,0,0
BRDA:255,60,1,0
BRDA:265,61,0,0
BRDA:265,61,1,0
BRDA:266,62,0,0
BRDA:266,62,1,0
BRDA:266,62,2,0
BRDA:268,63,0,0
BRDA:268,63,1,0
BRDA:268,64,0,0
BRDA:268,64,1,0
BRDA:269,65,0,0
BRDA:269,65,1,0
BRDA:273,66,0,0
BRDA:273,66,1,0
BRDA:277,67,0,0
BRDA:277,67,1,0
BRDA:277,68,0,0
BRDA:277,68,1,0
BRDA:284,69,0,2
BRDA:284,69,1,0
BRDA:288,70,0,1
BRDA:288,70,1,1
BRDA:294,71,0,1
BRDA:294,71,1,1
BRDA:295,72,0,1
BRDA:295,72,1,1
BRDA:302,73,0,0
BRDA:302,73,1,1
BRDA:302,74,0,1
BRDA:302,74,1,0
BRDA:302,74,2,0
BRDA:314,75,0,1
BRDA:314,75,1,1
BRDA:315,76,0,2
BRDA:315,76,1,1
BRDA:320,77,0,0
BRDA:320,77,1,0
BRDA:333,78,0,4
BRDA:333,79,0,4
BRDA:334,80,0,0
BRDA:334,80,1,4
BRDA:334,81,0,4
BRDA:334,81,1,0
BRDA:336,82,0,4
BRDA:336,82,1,4
BRDA:337,83,0,0
BRDA:337,83,1,4
BRDA:339,84,0,4
BRDA:339,84,1,4
BRDA:341,85,0,4
BRDA:341,85,1,0
BRDA:344,86,0,0
BRDA:344,86,1,4
BRDA:345,87,0,0
BRDA:345,87,1,0
BRDA:355,88,0,0
BRDA:355,88,1,0
BRDA:356,89,0,0
BRDA:356,89,1,0
BRDA:356,90,0,0
BRDA:356,90,1,0
BRDA:356,90,2,0
BRDA:359,91,0,0
BRDA:359,91,1,0
BRDA:360,92,0,0
BRDA:360,92,1,0
BRDA:364,93,0,4
BRDA:364,93,1,0
BRDA:367,94,0,1
BRDA:367,94,1,3
BRDA:367,95,0,4
BRDA:367,95,1,1
BRDA:373,96,0,1
BRDA:373,96,1,2
BRDA:373,97,0,3
BRDA:373,97,1,2
BRDA:373,97,2,1
BRDA:378,98,0,1
BRDA:378,98,1,1
BRDA:382,99,0,1
BRDA:382,99,1,0
BRDA:384,100,0,0
BRDA:384,100,1,0
BRDA:386,101,0,0
BRDA:386,101,1,1
BRDA:389,102,0,1
BRDA:389,102,1,0
BRDA:398,103,0,0
BRDA:398,103,1,0
BRDA:404,104,0,3
BRDA:404,104,1,3
BRDA:408,105,0,1
BRDA:408,105,1,0
BRDA:413,106,0,1
BRDA:413,106,1,0
BRDA:418,107,0,1
BRDA:418,107,1,0
BRDA:423,108,0,2
BRDA:423,108,1,0
BRF:220
BRH:117
end_of_record
TN:
SF:src/lib/api-client/get-base-url.ts
FN:1,getBaseUrl
FNF:1
FNH:1
FNDA:4,getBaseUrl
DA:3,4
DA:5,4
DA:6,4
DA:7,0
LF:4
LH:3
BRDA:3,0,0,4
BRDA:3,0,1,4
BRDA:5,1,0,0
BRDA:5,1,1,4
BRDA:6,2,0,4
BRDA:6,2,1,0
BRF:6
BRH:4
end_of_record
TN:
SF:src/lib/query-keys/webapp.query-keys.ts
FN:3,(anonymous_0)
FN:4,(anonymous_1)
FN:5,(anonymous_2)
FN:6,(anonymous_3)
FN:7,(anonymous_4)
FN:9,(anonymous_5)
FN:10,(anonymous_6)
FN:12,(anonymous_7)
FN:13,(anonymous_8)
FN:14,(anonymous_9)
FN:15,(anonymous_10)
FNF:11
FNH:11
FNDA:783,(anonymous_0)
FNDA:3,(anonymous_1)
FNDA:1,(anonymous_2)
FNDA:1,(anonymous_3)
FNDA:7,(anonymous_4)
FNDA:3,(anonymous_5)
FNDA:2,(anonymous_6)
FNDA:2,(anonymous_7)
FNDA:1,(anonymous_8)
FNDA:1,(anonymous_9)
FNDA:1,(anonymous_10)
DA:1,6
DA:3,783
DA:4,3
DA:5,1
DA:6,1
DA:7,7
DA:9,3
DA:11,2
DA:12,2
DA:13,1
DA:14,1
DA:15,1
LF:12
LH:12
BRDA:11,0,0,2
BRDA:11,0,1,1
BRF:2
BRH:2
end_of_record
TN:
SF:src/page-models/helpers.ts
FN:15,isCommerciallyActive
FN:19,isAccessEnabled
FN:23,isGrace
FN:27,isPaused
FN:31,timeValue
FN:37,subscriptionPriority
FN:47,getPrimarySubscription
FN:50,(anonymous_7)
FN:57,getActiveSubscription
FN:60,(anonymous_9)
FN:65,getActiveDevices
FN:66,(anonymous_11)
FN:69,getConfirmedDevices
FN:70,(anonymous_13)
FN:73,hasConfirmedConnection
FN:77,getLatestActiveDevice
FN:81,daysUntil
FN:96,shouldShowUpsell
FN:101,sortPlansForCheckout
FN:102,(anonymous_19)
FN:114,getRenewalCheckoutPath
FN:118,getUpgradeCheckoutPath
FN:128,(anonymous_22)
FN:138,getUpgradeCheckoutPathForDeviceLimit
FN:143,(anonymous_24)
FN:146,(anonymous_25)
FN:147,(anonymous_26)
FNF:27
FNH:26
FNDA:22,isCommerciallyActive
FNDA:12,isAccessEnabled
FNDA:5,isGrace
FNDA:4,isPaused
FNDA:0,timeValue
FNDA:6,subscriptionPriority
FNDA:2,getPrimarySubscription
FNDA:3,(anonymous_7)
FNDA:19,getActiveSubscription
FNDA:15,(anonymous_9)
FNDA:16,getActiveDevices
FNDA:19,(anonymous_11)
FNDA:5,getConfirmedDevices
FNDA:6,(anonymous_13)
FNDA:4,hasConfirmedConnection
FNDA:4,getLatestActiveDevice
FNDA:7,daysUntil
FNDA:10,shouldShowUpsell
FNDA:4,sortPlansForCheckout
FNDA:12,(anonymous_19)
FNDA:2,getRenewalCheckoutPath
FNDA:4,getUpgradeCheckoutPath
FNDA:4,(anonymous_22)
FNDA:4,getUpgradeCheckoutPathForDeviceLimit
FNDA:4,(anonymous_24)
FNDA:6,(anonymous_25)
FNDA:1,(anonymous_26)
DA:16,22
DA:20,12
DA:24,5
DA:28,4
DA:32,0
DA:33,0
DA:34,0
DA:38,6
DA:39,5
DA:40,4
DA:41,3
DA:42,3
DA:43,1
DA:44,0
DA:48,2
DA:49,2
DA:50,2
DA:51,3
DA:52,3
DA:53,0
DA:58,19
DA:60,15
DA:66,19
DA:70,6
DA:74,4
DA:78,4
DA:82,7
DA:83,2
DA:84,2
DA:85,1
DA:97,10
DA:98,6
DA:102,4
DA:103,12
DA:104,12
DA:105,12
DA:106,3
DA:107,3
DA:108,0
DA:109,0
DA:110,0
DA:115,2
DA:122,4
DA:123,4
DA:124,3
DA:125,3
DA:126,3
DA:128,4
DA:129,2
DA:131,2
DA:132,2
DA:133,2
DA:134,2
DA:135,1
DA:142,4
DA:143,4
DA:144,4
DA:145,4
DA:146,6
DA:148,1
DA:149,1
DA:150,1
DA:151,0
DA:152,0
DA:153,0
DA:154,0
DA:155,0
DA:157,4
DA:158,4
DA:159,1
LF:70
LH:57
BRDA:16,0,0,22
BRDA:16,0,1,13
BRDA:20,1,0,12
BRDA:20,1,1,2
BRDA:24,2,0,5
BRDA:24,2,1,0
BRDA:28,3,0,4
BRDA:28,3,1,0
BRDA:32,4,0,0
BRDA:32,4,1,0
BRDA:34,5,0,0
BRDA:34,5,1,0
BRDA:38,6,0,1
BRDA:38,6,1,5
BRDA:38,7,0,6
BRDA:38,7,1,3
BRDA:39,8,0,1
BRDA:39,8,1,4
BRDA:40,9,0,1
BRDA:40,9,1,3
BRDA:40,10,0,4
BRDA:40,10,1,1
BRDA:41,11,0,0
BRDA:41,11,1,3
BRDA:41,12,0,3
BRDA:41,12,1,0
BRDA:42,13,0,2
BRDA:42,13,1,1
BRDA:42,14,0,3
BRDA:42,14,1,0
BRDA:43,15,0,1
BRDA:43,15,1,0
BRDA:43,16,0,1
BRDA:43,16,1,0
BRDA:48,17,0,2
BRDA:48,17,1,0
BRDA:49,18,0,0
BRDA:49,18,1,2
BRDA:50,19,0,2
BRDA:50,19,1,0
BRDA:52,20,0,3
BRDA:52,20,1,0
BRDA:59,21,0,19
BRDA:59,21,1,11
BRDA:60,22,0,15
BRDA:60,22,1,9
BRDA:66,23,0,16
BRDA:66,23,1,2
BRDA:78,24,0,4
BRDA:78,24,1,1
BRDA:82,25,0,5
BRDA:82,25,1,2
BRDA:84,26,0,1
BRDA:84,26,1,1
BRDA:97,27,0,4
BRDA:97,27,1,6
BRDA:97,28,0,10
BRDA:97,28,1,6
BRDA:103,29,0,12
BRDA:103,29,1,0
BRDA:104,30,0,12
BRDA:104,30,1,0
BRDA:105,31,0,9
BRDA:105,31,1,3
BRDA:107,32,0,3
BRDA:107,32,1,0
BRDA:109,33,0,0
BRDA:109,33,1,0
BRDA:115,34,0,1
BRDA:115,34,1,1
BRDA:123,35,0,1
BRDA:123,35,1,3
BRDA:125,36,0,0
BRDA:125,36,1,3
BRDA:126,37,0,1
BRDA:126,37,1,2
BRDA:129,38,0,0
BRDA:129,38,1,2
BRDA:133,39,0,0
BRDA:133,39,1,2
BRDA:134,40,0,1
BRDA:134,40,1,1
BRDA:142,41,0,2
BRDA:142,41,1,2
BRDA:143,42,0,2
BRDA:143,42,1,0
BRDA:144,43,0,4
BRDA:144,43,1,0
BRDA:146,44,0,6
BRDA:146,44,1,0
BRDA:148,45,0,1
BRDA:148,45,1,0
BRDA:149,46,0,1
BRDA:149,46,1,0
BRDA:150,47,0,1
BRDA:150,47,1,0
BRDA:152,48,0,0
BRDA:152,48,1,0
BRDA:154,49,0,0
BRDA:154,49,1,0
BRDA:158,50,0,1
BRDA:158,50,1,3
BRF:102
BRH:69
end_of_record
TN:
SF:src/page-models/useConnectStatusPageModel.ts
FN:15,useConnectStatusPageModel
FN:28,(anonymous_1)
FN:34,(anonymous_2)
FN:40,(anonymous_3)
FNF:4
FNH:4
FNDA:3,useConnectStatusPageModel
FNDA:1,(anonymous_1)
FNDA:1,(anonymous_2)
FNDA:1,(anonymous_3)
DA:16,3
DA:17,3
DA:19,3
DA:20,3
DA:21,3
DA:22,3
DA:23,3
DA:24,3
DA:25,3
DA:27,3
DA:29,1
DA:30,1
DA:35,1
DA:36,1
DA:40,3
DA:41,1
DA:42,1
DA:43,1
DA:44,1
DA:46,0
DA:50,3
DA:54,3
DA:86,3
DA:94,3
LF:24
LH:23
BRDA:22,0,0,3
BRDA:22,0,1,1
BRDA:24,1,0,3
BRDA:24,1,1,1
BRDA:25,2,0,3
BRDA:25,2,1,1
BRDA:29,3,0,0
BRDA:29,3,1,1
BRDA:41,4,0,0
BRDA:41,4,1,1
BRDA:50,5,0,0
BRDA:50,5,1,3
BRDA:54,6,0,1
BRDA:54,6,1,2
BRDA:62,7,0,0
BRDA:62,7,1,2
BRDA:70,8,0,1
BRDA:70,8,1,1
BRDA:86,9,0,1
BRDA:86,9,1,2
BRDA:88,10,0,0
BRDA:88,10,1,2
BRDA:90,11,0,1
BRDA:90,11,1,1
BRDA:97,12,0,3
BRDA:97,12,1,1
BRDA:100,13,0,1
BRDA:100,13,1,2
BRDA:102,14,0,0
BRDA:102,14,1,2
BRDA:104,15,0,1
BRDA:104,15,1,1
BRDA:109,16,0,3
BRDA:109,16,1,1
BRDA:110,17,0,3
BRDA:110,17,1,2
BRDA:110,17,2,2
BRF:37
BRH:31
end_of_record
TN:
SF:src/page-models/useRestoreAccessPageModel.ts
FN:11,useRestoreAccessPageModel
FN:22,(anonymous_1)
FN:28,(anonymous_2)
FN:31,(anonymous_3)
FN:46,(anonymous_4)
FN:56,(anonymous_5)
FN:67,(anonymous_6)
FNF:7
FNH:7
FNDA:3,useRestoreAccessPageModel
FNDA:3,(anonymous_1)
FNDA:2,(anonymous_2)
FNDA:2,(anonymous_3)
FNDA:1,(anonymous_4)
FNDA:1,(anonymous_5)
FNDA:2,(anonymous_6)
DA:12,3
DA:13,3
DA:14,3
DA:15,3
DA:16,3
DA:17,3
DA:18,3
DA:21,3
DA:23,3
DA:27,3
DA:30,2
DA:32,2
DA:35,2
DA:36,2
DA:47,1
DA:52,1
DA:53,1
DA:54,1
DA:57,1
DA:58,1
DA:67,3
DA:68,2
DA:73,2
DA:77,3
DA:96,3
LF:25
LH:25
BRDA:16,0,0,3
BRDA:16,0,1,0
BRDA:17,1,0,3
BRDA:17,1,1,0
BRDA:18,2,0,3
BRDA:18,2,1,0
BRDA:21,3,0,3
BRDA:21,3,1,0
BRDA:23,4,0,3
BRDA:23,4,1,0
BRDA:24,5,0,0
BRDA:24,5,1,0
BRDA:30,6,0,2
BRDA:30,6,1,0
BRDA:32,7,0,2
BRDA:32,7,1,0
BRDA:33,8,0,0
BRDA:33,8,1,0
BRDA:35,9,0,2
BRDA:35,9,1,0
BRDA:38,10,0,2
BRDA:38,10,1,0
BRDA:41,11,0,2
BRDA:41,11,1,0
BRDA:49,12,0,1
BRDA:49,12,1,0
BRDA:49,12,2,0
BRDA:53,13,0,1
BRDA:53,13,1,0
BRDA:53,14,0,0
BRDA:53,14,1,0
BRDA:60,15,0,1
BRDA:60,15,1,0
BRDA:70,16,0,2
BRDA:70,16,1,0
BRDA:77,17,0,0
BRDA:77,17,1,3
BRDA:79,18,0,0
BRDA:79,18,1,3
BRDA:86,19,0,0
BRDA:86,19,1,3
BRDA:88,20,0,1
BRDA:88,20,1,2
BRF:43
BRH:19
end_of_record
TN:
SF:src/page-models/useServerSelectionPageModel.ts
FN:14,useServerSelectionPageModel
FN:28,(anonymous_1)
FN:33,(anonymous_2)
FN:35,(anonymous_3)
FN:43,(anonymous_4)
FN:46,(anonymous_5)
FN:67,(anonymous_6)
FN:87,(anonymous_7)
FN:91,(anonymous_8)
FNF:9
FNH:6
FNDA:5,useServerSelectionPageModel
FNDA:3,(anonymous_1)
FNDA:1,(anonymous_2)
FNDA:1,(anonymous_3)
FNDA:0,(anonymous_4)
FNDA:1,(anonymous_5)
FNDA:0,(anonymous_6)
FNDA:0,(anonymous_7)
FNDA:1,(anonymous_8)
DA:15,5
DA:16,5
DA:17,5
DA:18,5
DA:19,5
DA:21,5
DA:22,5
DA:23,5
DA:24,5
DA:26,5
DA:28,3
DA:32,5
DA:34,1
DA:36,1
DA:37,1
DA:38,1
DA:44,0
DA:46,1
DA:49,5
DA:54,5
DA:67,0
DA:73,5
DA:79,5
DA:88,0
DA:89,0
DA:92,1
DA:93,1
LF:27
LH:23
BRDA:23,0,0,5
BRDA:23,0,1,5
BRDA:24,1,0,5
BRDA:24,1,1,5
BRDA:54,2,0,0
BRDA:54,2,1,5
BRDA:56,3,0,1
BRDA:56,3,1,4
BRDA:62,4,0,0
BRDA:62,4,1,4
BRDA:69,5,0,1
BRDA:69,5,1,3
BRDA:69,6,0,4
BRDA:69,6,1,3
BRDA:75,7,0,5
BRDA:75,7,1,2
BRF:16
BRH:14
end_of_record
TN:
SF:src/page-models/useSupportPageModel.ts
FN:36,useSupportPageModel
FN:60,(anonymous_1)
FN:81,(anonymous_2)
FN:94,(anonymous_3)
FN:94,(anonymous_4)
FN:95,(anonymous_5)
FN:95,(anonymous_6)
FNF:7
FNH:5
FNDA:7,useSupportPageModel
FNDA:1,(anonymous_1)
FNDA:3,(anonymous_2)
FNDA:4,(anonymous_3)
FNDA:4,(anonymous_4)
FNDA:0,(anonymous_5)
FNDA:0,(anonymous_6)
DA:9,1
DA:37,7
DA:38,7
DA:39,7
DA:40,7
DA:41,7
DA:42,7
DA:43,7
DA:44,7
DA:46,7
DA:51,7
DA:60,1
DA:64,7
DA:72,7
DA:79,7
DA:81,7
DA:82,3
DA:85,7
DA:94,4
DA:95,0
LF:20
LH:19
BRDA:40,0,0,7
BRDA:40,0,1,2
BRDA:41,1,0,7
BRDA:41,1,1,2
BRDA:44,2,0,7
BRDA:44,2,1,0
BRDA:51,3,0,1
BRDA:51,3,1,6
BRDA:53,4,0,0
BRDA:53,4,1,6
BRDA:55,5,0,1
BRDA:55,5,1,5
BRDA:79,6,0,4
BRDA:79,6,1,3
BRDA:94,7,0,3
BRDA:94,7,1,1
BRDA:95,8,0,0
BRDA:95,8,1,4
BRF:18
BRH:15
end_of_record
TN:
SF:src/page-models/upsell/evaluateUpsell.ts
FN:12,triggerAllowed
FN:16,buildCandidates
FN:48,(anonymous_2)
FN:51,evaluateUpsell
FNF:4
FNH:4
FNDA:4,triggerAllowed
FNDA:3,buildCandidates
FNDA:2,(anonymous_2)
FNDA:3,evaluateUpsell
DA:13,4
DA:17,3
DA:18,3
DA:20,3
DA:22,2
DA:23,2
DA:24,2
DA:28,2
DA:33,2
DA:34,2
DA:38,2
DA:39,0
DA:40,0
DA:44,2
DA:45,0
DA:48,2
DA:52,3
DA:53,3
DA:55,3
DA:56,3
DA:62,3
DA:64,2
DA:70,2
DA:73,1
LF:24
LH:21
BRDA:20,0,0,1
BRDA:20,0,1,2
BRDA:22,1,0,2
BRDA:22,1,1,0
BRDA:22,2,0,2
BRDA:22,2,1,2
BRDA:22,2,2,2
BRDA:22,2,3,2
BRDA:23,3,0,2
BRDA:23,3,1,0
BRDA:28,4,0,2
BRDA:28,4,1,0
BRDA:29,5,0,2
BRDA:29,5,1,1
BRDA:29,5,2,0
BRDA:29,5,3,0
BRDA:33,6,0,2
BRDA:33,6,1,0
BRDA:38,7,0,0
BRDA:38,7,1,2
BRDA:38,8,0,2
BRDA:38,8,1,0
BRDA:38,8,2,0
BRDA:39,9,0,0
BRDA:39,9,1,0
BRDA:44,10,0,0
BRDA:44,10,1,2
BRDA:44,11,0,2
BRDA:44,11,1,0
BRDA:62,12,0,1
BRDA:62,12,1,2
BRDA:70,13,0,2
BRDA:70,13,1,0
BRF:33
BRH:19
end_of_record
TN:
SF:src/page-models/upsell/shouldSuppressUpsell.ts
FN:8,shouldSuppressUpsell
FN:19,(anonymous_1)
FN:20,(anonymous_2)
FNF:3
FNH:2
FNDA:5,shouldSuppressUpsell
FNDA:3,(anonymous_1)
FNDA:0,(anonymous_2)
DA:14,5
DA:15,1
DA:18,4
DA:19,3
DA:20,0
DA:21,5
DA:22,2
DA:23,2
DA:24,2
DA:25,2
DA:26,2
DA:31,2
DA:32,1
DA:35,1
LF:14
LH:13
BRDA:14,0,0,1
BRDA:14,0,1,4
BRDA:14,1,0,5
BRDA:14,1,1,2
BRDA:19,2,0,3
BRDA:19,2,1,2
BRDA:20,3,0,0
BRDA:20,3,1,0
BRDA:20,4,0,0
BRDA:20,4,1,0
BRDA:21,5,0,2
BRDA:21,5,1,3
BRDA:23,6,0,2
BRDA:23,6,1,0
BRDA:25,7,0,2
BRDA:25,7,1,0
BRDA:31,8,0,1
BRDA:31,8,1,1
BRF:18
BRH:12
end_of_record
TN:
SF:src/telemetry/webappTelemetry.ts
FN:20,sendWebappTelemetry
FN:45,flushTelemetryQueue
FN:48,(anonymous_2)
FNF:3
FNH:2
FNDA:4,sendWebappTelemetry
FNDA:2,flushTelemetryQueue
FNDA:0,(anonymous_2)
DA:9,1
DA:18,1
DA:24,4
DA:32,4
DA:33,2
DA:34,2
DA:37,2
DA:38,2
DA:46,2
DA:47,2
DA:48,2
LF:11
LH:11
BRDA:9,0,0,1
BRDA:9,0,1,0
BRDA:9,1,0,1
BRDA:9,1,1,1
BRDA:22,2,0,4
BRDA:32,3,0,2
BRDA:32,3,1,2
BRF:7
BRH:6
end_of_record
TN:
SF:src/utils/tailwindMergeLite.ts
FN:7,twMerge
FNF:1
FNH:1
FNDA:17,twMerge
DA:8,17
LF:1
LH:1
BRF:0
BRH:0
end_of_record
